<?xml version="1.0" encoding="UTF-8"?>
<!-- Generated by org.testng.reporters.JUnitReportReporter -->
<testsuite hostname="DESKTOP-8T2046B" failures="0" tests="5" name="testclass.ProductTest" time="17.469" errors="0" timestamp="2023-07-18T12:06:23 IST" skipped="0">
  <testcase classname="testclass.ProductTest" name="validateFilter" time="4.003"/>
  <system-out/>
  <testcase classname="testclass.ProductTest" name="resetFilterValidation" time="3.952"/>
  <system-out/>
  <testcase classname="testclass.ProductTest" name="sortingFilter" time="2.919"/>
  <system-out/>
  <testcase classname="testclass.ProductTest" name="navToProduct" time="6.092"/>
  <system-out/>
  <testcase classname="testclass.ProductTest" name="addtoCart" time="0.503"/>
  <system-out/>
</testsuite> <!-- testclass.ProductTest -->
